<?xml version="1.0" encoding="UTF-8"?>
<!-- Generated by org.testng.reporters.JUnitReportReporter -->
<testsuite hostname="DESKTOP-8QBIHO6" failures="0" tests="1" name="Bikes.ToLaunchHero" time="4.308" errors="0" timestamp="2024-04-10T22:06:31 IST" skipped="0">
  <testcase classname="Bikes.ToLaunchHero" name="hero" time="4.308"/>
  <system-out>
    <![CDATA[HERO get successfully launch]]>
  </system-out>
</testsuite> <!-- Bikes.ToLaunchHero -->
