<?xml version="1.0" encoding="UTF-8"?>
<!-- Generated by org.testng.reporters.JUnitReportReporter -->
<testsuite hostname="DESKTOP-8QBIHO6" failures="0" tests="3" name="AdvanceSeleniumTesting.ToLearnDependsOnMethods" time="0.013" errors="0" timestamp="2024-03-03T23:56:40 IST" skipped="0">
  <testcase classname="AdvanceSeleniumTesting.ToLearnDependsOnMethods" name="deleteAccount" time="0.001"/>
  <system-out>
    <![CDATA[Account delete Successfully]]>
  </system-out>
  <testcase classname="AdvanceSeleniumTesting.ToLearnDependsOnMethods" name="createAccount" time="0.010"/>
  <system-out>
    <![CDATA[Account created successfully]]>
  </system-out>
  <testcase classname="AdvanceSeleniumTesting.ToLearnDependsOnMethods" name="editAccount" time="0.002"/>
  <system-out>
    <![CDATA[Account edited Successfully]]>
  </system-out>
</testsuite> <!-- AdvanceSeleniumTesting.ToLearnDependsOnMethods -->
