<?xml version="1.0" encoding="UTF-8"?>
<!-- Generated by org.testng.reporters.JUnitReportReporter -->
<testsuite hostname="DESKTOP-8QBIHO6" failures="0" tests="1" name="Webpage.UseAssertion" time="4.756" errors="0" timestamp="2024-04-10T23:14:25 IST" skipped="0">
  <testcase classname="Webpage.UseAssertion" name="demo" time="4.756"/>
  <system-out>
    <![CDATA[both url same]]>
  </system-out>
</testsuite> <!-- Webpage.UseAssertion -->
