<?xml version="1.0" encoding="UTF-8"?>
<!-- Generated by org.testng.reporters.JUnitReportReporter -->
<testsuite hostname="DESKTOP-8QBIHO6" failures="0" tests="1" name="Webpage.WoodenStreet" time="3.624" errors="0" timestamp="2024-04-10T22:23:44 IST" skipped="0">
  <testcase classname="Webpage.WoodenStreet" name="wooden" time="3.624"/>
  <system-out>
    <![CDATA[WoodenSteet page opened]]>
  </system-out>
</testsuite> <!-- Webpage.WoodenStreet -->
