<?xml version="1.0" encoding="UTF-8"?>
<!-- Generated by org.testng.reporters.JUnitReportReporter -->
<testsuite hostname="DESKTOP-8QBIHO6" failures="0" tests="5" name="AdvanceSeleniumTesting.ToLearnThreadpoolSize" time="47.842" errors="0" timestamp="2024-03-03T23:47:22 IST" skipped="0">
  <testcase classname="AdvanceSeleniumTesting.ToLearnThreadpoolSize" name="baskinRobbins" time="2.773"/>
  <system-out>
    <![CDATA[BaskinRobbins got executed successfully]]>
  </system-out>
  <testcase classname="AdvanceSeleniumTesting.ToLearnThreadpoolSize" name="amazon" time="2.915"/>
  <system-out>
    <![CDATA[Amazon got executed successfully]]>
  </system-out>
  <testcase classname="AdvanceSeleniumTesting.ToLearnThreadpoolSize" name="cricbuzz" time="5.237"/>
  <system-out>
    <![CDATA[Cricbuzz got executed successfully]]>
  </system-out>
  <testcase classname="AdvanceSeleniumTesting.ToLearnThreadpoolSize" name="cricbuzz" time="6.173"/>
  <system-out>
    <![CDATA[Cricbuzz got executed successfully]]>
  </system-out>
  <testcase classname="AdvanceSeleniumTesting.ToLearnThreadpoolSize" name="cricbuzz" time="30.744"/>
  <system-out>
    <![CDATA[Cricbuzz got executed successfully]]>
  </system-out>
</testsuite> <!-- AdvanceSeleniumTesting.ToLearnThreadpoolSize -->
