<?xml version="1.0" encoding="UTF-8"?>
<!-- Generated by org.testng.reporters.JUnitReportReporter -->
<testsuite hostname="DESKTOP-8QBIHO6" failures="0" tests="3" name="AdvanceSeleniumTesting.ToLearnEnabled" time="3.408" errors="0" timestamp="2024-03-03T23:55:03 IST" skipped="2">
  <testcase classname="AdvanceSeleniumTesting.ToLearnEnabled" name="amazon" time="3.408"/>
  <system-out>
    <![CDATA[Amazon got executed successfully]]>
  </system-out>
  <testcase classname="AdvanceSeleniumTesting.ToLearnEnabled" name="cricbuzz">
    <skipped/>
  </testcase> <!-- cricbuzz -->
  <system-out/>
  <testcase classname="AdvanceSeleniumTesting.ToLearnEnabled" name="baskinRobbins">
    <skipped/>
  </testcase> <!-- baskinRobbins -->
  <system-out/>
</testsuite> <!-- AdvanceSeleniumTesting.ToLearnEnabled -->
