<?xml version="1.0" encoding="UTF-8"?>
<!-- Generated by org.testng.reporters.JUnitReportReporter -->
<testsuite hostname="DESKTOP-8QBIHO6" failures="0" tests="1" name="Bikes.ToLaunchRoyelEnfield" time="5.806" errors="0" timestamp="2024-04-10T22:06:31 IST" skipped="0">
  <testcase classname="Bikes.ToLaunchRoyelEnfield" name="Royel" time="5.806"/>
  <system-out>
    <![CDATA[ROYEL ENFIELD get successfully launch]]>
  </system-out>
</testsuite> <!-- Bikes.ToLaunchRoyelEnfield -->
