<?xml version="1.0" encoding="UTF-8"?>
<!-- Generated by org.testng.reporters.JUnitReportReporter -->
<testsuite hostname="DESKTOP-8QBIHO6" failures="0" tests="1" name="AdvanceSeleniumTesting.ToLearnConfigurationAnnotation" time="0.008" errors="0" timestamp="2024-01-22T20:31:00 IST" skipped="0">
  <testcase classname="AdvanceSeleniumTesting.ToLearnConfigurationAnnotation" name="testcase" time="0.008"/>
  <system-out>
    <![CDATA[Test case got executed]]>
  </system-out>
</testsuite> <!-- AdvanceSeleniumTesting.ToLearnConfigurationAnnotation -->
