<?xml version="1.0" encoding="UTF-8"?>
<!-- Generated by org.testng.reporters.JUnitReportReporter -->
<testsuite hostname="DESKTOP-8QBIHO6" failures="0" tests="3" name="AdvanceSeleniumTesting.ToLearnDataProvider" time="10.298" errors="0" timestamp="2024-04-11T13:09:31 IST" skipped="0">
  <testcase classname="AdvanceSeleniumTesting.ToLearnDataProvider" name="toLogin" time="3.097"/>
  <system-out/>
  <testcase classname="AdvanceSeleniumTesting.ToLearnDataProvider" name="toLogin" time="3.935"/>
  <system-out/>
  <testcase classname="AdvanceSeleniumTesting.ToLearnDataProvider" name="toLogin" time="3.266"/>
  <system-out/>
</testsuite> <!-- AdvanceSeleniumTesting.ToLearnDataProvider -->
