<?xml version="1.0" encoding="UTF-8"?>
<!-- Generated by org.testng.reporters.JUnitReportReporter -->
<testsuite hostname="DESKTOP-8QBIHO6" failures="0" tests="1" name="Cars.MarutiSuzuki" time="3.558" errors="0" timestamp="2024-03-04T00:04:27 IST" skipped="0">
  <testcase classname="Cars.MarutiSuzuki" name="marutiSuzuki" time="3.558"/>
  <system-out>
    <![CDATA[MarutiSuZuki page seccessfully loaded]]>
  </system-out>
</testsuite> <!-- Cars.MarutiSuzuki -->
