<?xml version="1.0" encoding="UTF-8"?>
<!-- Generated by org.testng.reporters.JUnitReportReporter -->
<testsuite hostname="DESKTOP-8QBIHO6" failures="0" tests="5" name="Practice.TestNg" time="15.323" errors="0" timestamp="2024-01-19T23:38:18 IST" skipped="1">
  <testcase classname="Practice.TestNg" name="insta" time="4.844"/>
  <system-out>
    <![CDATA[Instagram seccessfully open]]>
  </system-out>
  <testcase classname="Practice.TestNg" name="amazon" time="3.315"/>
  <system-out>
    <![CDATA[Amazon successfully open]]>
  </system-out>
  <testcase classname="Practice.TestNg" name="amazon" time="3.510"/>
  <system-out>
    <![CDATA[Amazon successfully open]]>
  </system-out>
  <testcase classname="Practice.TestNg" name="amazon" time="3.654"/>
  <system-out>
    <![CDATA[Amazon successfully open]]>
  </system-out>
  <testcase classname="Practice.TestNg" name="flipKart">
    <skipped/>
  </testcase> <!-- flipKart -->
  <system-out/>
</testsuite> <!-- Practice.TestNg -->
