<?xml version="1.0" encoding="UTF-8"?>
<!-- Generated by org.testng.reporters.JUnitReportReporter -->
<testsuite hostname="DESKTOP-8QBIHO6" failures="0" tests="6" name="AdvanceSeleniumTesting.ToLearnInvocationCount" time="45.580" errors="0" timestamp="2024-03-03T23:43:33 IST" skipped="0">
  <testcase classname="AdvanceSeleniumTesting.ToLearnInvocationCount" name="baskinRobbins" time="2.846"/>
  <system-out>
    <![CDATA[BaskinRobbins got executed successfully]]>
  </system-out>
  <testcase classname="AdvanceSeleniumTesting.ToLearnInvocationCount" name="baskinRobbins" time="3.856"/>
  <system-out>
    <![CDATA[BaskinRobbins got executed successfully]]>
  </system-out>
  <testcase classname="AdvanceSeleniumTesting.ToLearnInvocationCount" name="cricbuzz" time="29.143"/>
  <system-out>
    <![CDATA[Cricbuzz got executed successfully]]>
  </system-out>
  <testcase classname="AdvanceSeleniumTesting.ToLearnInvocationCount" name="cricbuzz" time="3.498"/>
  <system-out>
    <![CDATA[Cricbuzz got executed successfully]]>
  </system-out>
  <testcase classname="AdvanceSeleniumTesting.ToLearnInvocationCount" name="cricbuzz" time="3.838"/>
  <system-out>
    <![CDATA[Cricbuzz got executed successfully]]>
  </system-out>
  <testcase classname="AdvanceSeleniumTesting.ToLearnInvocationCount" name="amazon" time="2.399"/>
  <system-out>
    <![CDATA[Amazon got executed successfully]]>
  </system-out>
</testsuite> <!-- AdvanceSeleniumTesting.ToLearnInvocationCount -->
