<?xml version="1.0" encoding="UTF-8"?>
<!-- Generated by org.testng.reporters.JUnitReportReporter -->
<testsuite hostname="DESKTOP-8QBIHO6" failures="0" tests="3" name="AdvanceSeleniumTesting.ToLearnTestNg" time="10.837" errors="0" timestamp="2024-03-03T23:41:05 IST" skipped="0">
  <testcase classname="AdvanceSeleniumTesting.ToLearnTestNg" name="baskinRobbins" time="4.710"/>
  <system-out>
    <![CDATA[BaskinRobbins got executed successfully]]>
  </system-out>
  <testcase classname="AdvanceSeleniumTesting.ToLearnTestNg" name="cricbuzz" time="3.659"/>
  <system-out>
    <![CDATA[Cricbuzz got executed successfully]]>
  </system-out>
  <testcase classname="AdvanceSeleniumTesting.ToLearnTestNg" name="amazon" time="2.468"/>
  <system-out>
    <![CDATA[Amazon got executed successfully]]>
  </system-out>
</testsuite> <!-- AdvanceSeleniumTesting.ToLearnTestNg -->
