<?xml version="1.0" encoding="UTF-8"?>
<!-- Generated by org.testng.reporters.JUnitReportReporter -->
<testsuite hostname="DESKTOP-8QBIHO6" failures="0" tests="1" name="Bikes.ToLaunchKtm" time="4.464" errors="0" timestamp="2024-04-10T22:06:31 IST" skipped="0">
  <testcase classname="Bikes.ToLaunchKtm" name="ktm" time="4.464"/>
  <system-out>
    <![CDATA[KTM get successfully launch]]>
  </system-out>
</testsuite> <!-- Bikes.ToLaunchKtm -->
