<?xml version="1.0" encoding="UTF-8"?>
<!-- Generated by org.testng.reporters.JUnitReportReporter -->
<testsuite hostname="DESKTOP-8QBIHO6" failures="0" tests="1" name="Bikes.ToLaunchYamaha" time="4.074" errors="0" timestamp="2024-04-10T22:06:31 IST" skipped="0">
  <testcase classname="Bikes.ToLaunchYamaha" name="yamaha" time="4.074"/>
  <system-out>
    <![CDATA[yamaha get successfully launch]]>
  </system-out>
</testsuite> <!-- Bikes.ToLaunchYamaha -->
