<?xml version="1.0" encoding="UTF-8"?>
<!-- Generated by org.testng.reporters.JUnitReportReporter -->
<testsuite hostname="DESKTOP-8QBIHO6" failures="0" tests="1" name="Webpage.ShopperStack" time="7.067" errors="0" timestamp="2024-04-10T22:23:44 IST" skipped="0">
  <testcase classname="Webpage.ShopperStack" name="Shopper" time="7.067"/>
  <system-out>
    <![CDATA[ShopperStack page opened]]>
  </system-out>
</testsuite> <!-- Webpage.ShopperStack -->
