<?xml version="1.0" encoding="UTF-8"?>
<!-- Generated by org.testng.reporters.JUnitReportReporter -->
<testsuite hostname="DESKTOP-8QBIHO6" failures="0" tests="1" name="POM.TestCases" time="1.104" errors="0" timestamp="2024-03-31T23:57:03 IST" skipped="0">
  <testcase classname="POM.TestCases" name="testcase" time="1.104"/>
  <system-out/>
</testsuite> <!-- POM.TestCases -->
