<?xml version="1.0" encoding="UTF-8"?>
<!-- Generated by org.testng.reporters.JUnitReportReporter -->
<testsuite hostname="DESKTOP-8QBIHO6" failures="0" tests="1" name="Cars.Honda" time="3.560" errors="0" timestamp="2024-03-04T00:04:27 IST" skipped="0">
  <testcase classname="Cars.Honda" name="honda" time="3.560"/>
  <system-out>
    <![CDATA[Honda page seccessfull loaded]]>
  </system-out>
</testsuite> <!-- Cars.Honda -->
