<?xml version="1.0" encoding="UTF-8"?>
<!-- Generated by org.testng.reporters.JUnitReportReporter -->
<testsuite hostname="DESKTOP-8QBIHO6" failures="0" tests="1" name="Cars.Innova" time="2.555" errors="0" timestamp="2024-03-04T00:04:27 IST" skipped="0">
  <testcase classname="Cars.Innova" name="innova" time="2.555"/>
  <system-out>
    <![CDATA[Innova Page get successfully loaded]]>
  </system-out>
</testsuite> <!-- Cars.Innova -->
