<?xml version="1.0" encoding="UTF-8"?>
<!-- Generated by org.testng.reporters.JUnitReportReporter -->
<testsuite hostname="DESKTOP-8QBIHO6" failures="0" tests="1" name="Webpage.DemoWebPage" time="4.967" errors="0" timestamp="2024-04-10T22:18:40 IST" skipped="0">
  <testcase classname="Webpage.DemoWebPage" name="demo" time="4.967"/>
  <system-out/>
</testsuite> <!-- Webpage.DemoWebPage -->
